[2016-10-14 02:21:49] local.ERROR: PDOException: SQLSTATE[HY000] [1045] Access denied for user 'floatthatnet'@'localhost' (using password: YES) in /Applications/MAMP/htdocs/floatthat/main-laravel/vendor/laravel/framework/src/Illuminate/Database/Connectors/Connector.php:55
Stack trace:
#0 /Applications/MAMP/htdocs/floatthat/main-laravel/vendor/laravel/framework/src/Illuminate/Database/Connectors/Connector.php(55): PDO->__construct('mysql:host=loca...', 'floatthatnet', '$DixMKsJL0+t', Array)
#1 /Applications/MAMP/htdocs/floatthat/main-laravel/vendor/laravel/framework/src/Illuminate/Database/Connectors/MySqlConnector.php(22): Illuminate\Database\Connectors\Connector->createConnection('mysql:host=loca...', Array, Array)
#2 /Applications/MAMP/htdocs/floatthat/main-laravel/vendor/laravel/framework/src/Illuminate/Database/Connectors/ConnectionFactory.php(60): Illuminate\Database\Connectors\MySqlConnector->connect(Array)
#3 /Applications/MAMP/htdocs/floatthat/main-laravel/vendor/laravel/framework/src/Illuminate/Database/Connectors/ConnectionFactory.php(49): Illuminate\Database\Connectors\ConnectionFactory->createSingleConnection(Array)
#4 /Applications/MAMP/htdocs/floatthat/main-laravel/vendor/laravel/framework/src/Illuminate/Database/DatabaseManager.php(175): Illuminate\Database\Connectors\ConnectionFactory->make(Array, 'mysql')
#5 /Applications/MAMP/htdocs/floatthat/main-laravel/vendor/laravel/framework/src/Illuminate/Database/DatabaseManager.php(67): Illuminate\Database\DatabaseManager->makeConnection('mysql')
#6 /Applications/MAMP/htdocs/floatthat/main-laravel/vendor/laravel/framework/src/Illuminate/Database/Eloquent/Model.php(3224): Illuminate\Database\DatabaseManager->connection('mysql')
#7 /Applications/MAMP/htdocs/floatthat/main-laravel/vendor/laravel/framework/src/Illuminate/Database/Eloquent/Model.php(3190): Illuminate\Database\Eloquent\Model::resolveConnection(NULL)
#8 /Applications/MAMP/htdocs/floatthat/main-laravel/vendor/laravel/framework/src/Illuminate/Database/Eloquent/Model.php(1870): Illuminate\Database\Eloquent\Model->getConnection()
#9 /Applications/MAMP/htdocs/floatthat/main-laravel/vendor/laravel/framework/src/Illuminate/Database/Eloquent/Model.php(1813): Illuminate\Database\Eloquent\Model->newBaseQueryBuilder()
#10 /Applications/MAMP/htdocs/floatthat/main-laravel/vendor/laravel/framework/src/Illuminate/Database/Eloquent/Model.php(1787): Illuminate\Database\Eloquent\Model->newQueryWithoutScopes()
#11 /Applications/MAMP/htdocs/floatthat/main-laravel/vendor/laravel/framework/src/Illuminate/Database/Eloquent/Model.php(3442): Illuminate\Database\Eloquent\Model->newQuery()
#12 [internal function]: Illuminate\Database\Eloquent\Model->__call('open', Array)
#13 /Applications/MAMP/htdocs/floatthat/main-laravel/vendor/laravel/framework/src/Illuminate/Database/Eloquent/Model.php(3458): call_user_func_array(Array, Array)
#14 /Applications/MAMP/htdocs/floatthat/main-laravel/app/Repositories/DealRepository.php(24): Illuminate\Database\Eloquent\Model::__callStatic('open', Array)
#15 /Applications/MAMP/htdocs/floatthat/main-laravel/app/Http/Controllers/WelcomeController.php(35): App\Repositories\DealRepository->getFeatured()
#16 [internal function]: App\Http\Controllers\WelcomeController->index()
#17 /Applications/MAMP/htdocs/floatthat/main-laravel/vendor/laravel/framework/src/Illuminate/Routing/Controller.php(256): call_user_func_array(Array, Array)
#18 /Applications/MAMP/htdocs/floatthat/main-laravel/vendor/laravel/framework/src/Illuminate/Routing/ControllerDispatcher.php(164): Illuminate\Routing\Controller->callAction('index', Array)
#19 /Applications/MAMP/htdocs/floatthat/main-laravel/vendor/laravel/framework/src/Illuminate/Routing/ControllerDispatcher.php(112): Illuminate\Routing\ControllerDispatcher->call(Object(App\Http\Controllers\WelcomeController), Object(Illuminate\Routing\Route), 'index')
#20 [internal function]: Illuminate\Routing\ControllerDispatcher->Illuminate\Routing\{closure}(Object(Illuminate\Http\Request))
#21 /Applications/MAMP/htdocs/floatthat/main-laravel/vendor/laravel/framework/src/Illuminate/Pipeline/Pipeline.php(139): call_user_func(Object(Closure), Object(Illuminate\Http\Request))
#22 /Applications/MAMP/htdocs/floatthat/main-laravel/app/Http/Middleware/RedirectIfAuthenticated.php(41): Illuminate\Pipeline\Pipeline->Illuminate\Pipeline\{closure}(Object(Illuminate\Http\Request))
#23 [internal function]: App\Http\Middleware\RedirectIfAuthenticated->handle(Object(Illuminate\Http\Request), Object(Closure))
#24 /Applications/MAMP/htdocs/floatthat/main-laravel/vendor/laravel/framework/src/Illuminate/Pipeline/Pipeline.php(124): call_user_func_array(Array, Array)
#25 [internal function]: Illuminate\Pipeline\Pipeline->Illuminate\Pipeline\{closure}(Object(Illuminate\Http\Request))
#26 /Applications/MAMP/htdocs/floatthat/main-laravel/vendor/laravel/framework/src/Illuminate/Pipeline/Pipeline.php(102): call_user_func(Object(Closure), Object(Illuminate\Http\Request))
#27 /Applications/MAMP/htdocs/floatthat/main-laravel/vendor/laravel/framework/src/Illuminate/Routing/ControllerDispatcher.php(114): Illuminate\Pipeline\Pipeline->then(Object(Closure))
#28 /Applications/MAMP/htdocs/floatthat/main-laravel/vendor/laravel/framework/src/Illuminate/Routing/ControllerDispatcher.php(67): Illuminate\Routing\ControllerDispatcher->callWithinStack(Object(App\Http\Controllers\WelcomeController), Object(Illuminate\Routing\Route), Object(Illuminate\Http\Request), 'index')
#29 /Applications/MAMP/htdocs/floatthat/main-laravel/vendor/laravel/framework/src/Illuminate/Routing/Route.php(203): Illuminate\Routing\ControllerDispatcher->dispatch(Object(Illuminate\Routing\Route), Object(Illuminate\Http\Request), 'App\\Http\\Contro...', 'index')
#30 /Applications/MAMP/htdocs/floatthat/main-laravel/vendor/laravel/framework/src/Illuminate/Routing/Route.php(134): Illuminate\Routing\Route->runWithCustomDispatcher(Object(Illuminate\Http\Request))
#31 /Applications/MAMP/htdocs/floatthat/main-laravel/vendor/laravel/framework/src/Illuminate/Routing/Router.php(708): Illuminate\Routing\Route->run(Object(Illuminate\Http\Request))
#32 [internal function]: Illuminate\Routing\Router->Illuminate\Routing\{closure}(Object(Illuminate\Http\Request))
#33 /Applications/MAMP/htdocs/floatthat/main-laravel/vendor/laravel/framework/src/Illuminate/Pipeline/Pipeline.php(139): call_user_func(Object(Closure), Object(Illuminate\Http\Request))
#34 [internal function]: Illuminate\Pipeline\Pipeline->Illuminate\Pipeline\{closure}(Object(Illuminate\Http\Request))
#35 /Applications/MAMP/htdocs/floatthat/main-laravel/vendor/laravel/framework/src/Illuminate/Pipeline/Pipeline.php(102): call_user_func(Object(Closure), Object(Illuminate\Http\Request))
#36 /Applications/MAMP/htdocs/floatthat/main-laravel/vendor/laravel/framework/src/Illuminate/Routing/Router.php(710): Illuminate\Pipeline\Pipeline->then(Object(Closure))
#37 /Applications/MAMP/htdocs/floatthat/main-laravel/vendor/laravel/framework/src/Illuminate/Routing/Router.php(673): Illuminate\Routing\Router->runRouteWithinStack(Object(Illuminate\Routing\Route), Object(Illuminate\Http\Request))
#38 /Applications/MAMP/htdocs/floatthat/main-laravel/vendor/laravel/framework/src/Illuminate/Routing/Router.php(635): Illuminate\Routing\Router->dispatchToRoute(Object(Illuminate\Http\Request))
#39 /Applications/MAMP/htdocs/floatthat/main-laravel/vendor/laravel/framework/src/Illuminate/Foundation/Http/Kernel.php(236): Illuminate\Routing\Router->dispatch(Object(Illuminate\Http\Request))
#40 [internal function]: Illuminate\Foundation\Http\Kernel->Illuminate\Foundation\Http\{closure}(Object(Illuminate\Http\Request))
#41 /Applications/MAMP/htdocs/floatthat/main-laravel/vendor/laravel/framework/src/Illuminate/Pipeline/Pipeline.php(139): call_user_func(Object(Closure), Object(Illuminate\Http\Request))
#42 /Applications/MAMP/htdocs/floatthat/main-laravel/app/Http/Middleware/VerifyCsrfToken.php(21): Illuminate\Pipeline\Pipeline->Illuminate\Pipeline\{closure}(Object(Illuminate\Http\Request))
#43 [internal function]: App\Http\Middleware\VerifyCsrfToken->handle(Object(Illuminate\Http\Request), Object(Closure))
#44 /Applications/MAMP/htdocs/floatthat/main-laravel/vendor/laravel/framework/src/Illuminate/Pipeline/Pipeline.php(124): call_user_func_array(Array, Array)
#45 /Applications/MAMP/htdocs/floatthat/main-laravel/vendor/laravel/framework/src/Illuminate/View/Middleware/ShareErrorsFromSession.php(49): Illuminate\Pipeline\Pipeline->Illuminate\Pipeline\{closure}(Object(Illuminate\Http\Request))
#46 [internal function]: Illuminate\View\Middleware\ShareErrorsFromSession->handle(Object(Illuminate\Http\Request), Object(Closure))
#47 /Applications/MAMP/htdocs/floatthat/main-laravel/vendor/laravel/framework/src/Illuminate/Pipeline/Pipeline.php(124): call_user_func_array(Array, Array)
#48 /Applications/MAMP/htdocs/floatthat/main-laravel/vendor/laravel/framework/src/Illuminate/Session/Middleware/StartSession.php(62): Illuminate\Pipeline\Pipeline->Illuminate\Pipeline\{closure}(Object(Illuminate\Http\Request))
#49 [internal function]: Illuminate\Session\Middleware\StartSession->handle(Object(Illuminate\Http\Request), Object(Closure))
#50 /Applications/MAMP/htdocs/floatthat/main-laravel/vendor/laravel/framework/src/Illuminate/Pipeline/Pipeline.php(124): call_user_func_array(Array, Array)
#51 /Applications/MAMP/htdocs/floatthat/main-laravel/vendor/laravel/framework/src/Illuminate/Cookie/Middleware/AddQueuedCookiesToResponse.php(37): Illuminate\Pipeline\Pipeline->Illuminate\Pipeline\{closure}(Object(Illuminate\Http\Request))
#52 [internal function]: Illuminate\Cookie\Middleware\AddQueuedCookiesToResponse->handle(Object(Illuminate\Http\Request), Object(Closure))
#53 /Applications/MAMP/htdocs/floatthat/main-laravel/vendor/laravel/framework/src/Illuminate/Pipeline/Pipeline.php(124): call_user_func_array(Array, Array)
#54 /Applications/MAMP/htdocs/floatthat/main-laravel/vendor/laravel/framework/src/Illuminate/Cookie/Middleware/EncryptCookies.php(59): Illuminate\Pipeline\Pipeline->Illuminate\Pipeline\{closure}(Object(Illuminate\Http\Request))
#55 [internal function]: Illuminate\Cookie\Middleware\EncryptCookies->handle(Object(Illuminate\Http\Request), Object(Closure))
#56 /Applications/MAMP/htdocs/floatthat/main-laravel/vendor/laravel/framework/src/Illuminate/Pipeline/Pipeline.php(124): call_user_func_array(Array, Array)
#57 /Applications/MAMP/htdocs/floatthat/main-laravel/vendor/laravel/framework/src/Illuminate/Foundation/Http/Middleware/CheckForMaintenanceMode.php(44): Illuminate\Pipeline\Pipeline->Illuminate\Pipeline\{closure}(Object(Illuminate\Http\Request))
#58 [internal function]: Illuminate\Foundation\Http\Middleware\CheckForMaintenanceMode->handle(Object(Illuminate\Http\Request), Object(Closure))
#59 /Applications/MAMP/htdocs/floatthat/main-laravel/vendor/laravel/framework/src/Illuminate/Pipeline/Pipeline.php(124): call_user_func_array(Array, Array)
#60 [internal function]: Illuminate\Pipeline\Pipeline->Illuminate\Pipeline\{closure}(Object(Illuminate\Http\Request))
#61 /Applications/MAMP/htdocs/floatthat/main-laravel/vendor/laravel/framework/src/Illuminate/Pipeline/Pipeline.php(102): call_user_func(Object(Closure), Object(Illuminate\Http\Request))
#62 /Applications/MAMP/htdocs/floatthat/main-laravel/vendor/laravel/framework/src/Illuminate/Foundation/Http/Kernel.php(122): Illuminate\Pipeline\Pipeline->then(Object(Closure))
#63 /Applications/MAMP/htdocs/floatthat/main-laravel/vendor/laravel/framework/src/Illuminate/Foundation/Http/Kernel.php(87): Illuminate\Foundation\Http\Kernel->sendRequestThroughRouter(Object(Illuminate\Http\Request))
#64 /Applications/MAMP/htdocs/floatthat/main-laravel/public/index.php(52): Illuminate\Foundation\Http\Kernel->handle(Object(Illuminate\Http\Request))
#65 {main}  
[2016-10-14 02:21:49] local.ERROR: PDOException: SQLSTATE[HY000] [1045] Access denied for user 'floatthatnet'@'localhost' (using password: YES) in /Applications/MAMP/htdocs/floatthat/main-laravel/vendor/laravel/framework/src/Illuminate/Database/Connectors/Connector.php:55
Stack trace:
#0 /Applications/MAMP/htdocs/floatthat/main-laravel/vendor/laravel/framework/src/Illuminate/Database/Connectors/Connector.php(55): PDO->__construct('mysql:host=loca...', 'floatthatnet', '$DixMKsJL0+t', Array)
#1 /Applications/MAMP/htdocs/floatthat/main-laravel/vendor/laravel/framework/src/Illuminate/Database/Connectors/MySqlConnector.php(22): Illuminate\Database\Connectors\Connector->createConnection('mysql:host=loca...', Array, Array)
#2 /Applications/MAMP/htdocs/floatthat/main-laravel/vendor/laravel/framework/src/Illuminate/Database/Connectors/ConnectionFactory.php(60): Illuminate\Database\Connectors\MySqlConnector->connect(Array)
#3 /Applications/MAMP/htdocs/floatthat/main-laravel/vendor/laravel/framework/src/Illuminate/Database/Connectors/ConnectionFactory.php(49): Illuminate\Database\Connectors\ConnectionFactory->createSingleConnection(Array)
#4 /Applications/MAMP/htdocs/floatthat/main-laravel/vendor/laravel/framework/src/Illuminate/Database/DatabaseManager.php(175): Illuminate\Database\Connectors\ConnectionFactory->make(Array, 'mysql')
#5 /Applications/MAMP/htdocs/floatthat/main-laravel/vendor/laravel/framework/src/Illuminate/Database/DatabaseManager.php(67): Illuminate\Database\DatabaseManager->makeConnection('mysql')
#6 /Applications/MAMP/htdocs/floatthat/main-laravel/vendor/laravel/framework/src/Illuminate/Database/Eloquent/Model.php(3224): Illuminate\Database\DatabaseManager->connection('mysql')
#7 /Applications/MAMP/htdocs/floatthat/main-laravel/vendor/laravel/framework/src/Illuminate/Database/Eloquent/Model.php(3190): Illuminate\Database\Eloquent\Model::resolveConnection(NULL)
#8 /Applications/MAMP/htdocs/floatthat/main-laravel/vendor/laravel/framework/src/Illuminate/Database/Eloquent/Model.php(1870): Illuminate\Database\Eloquent\Model->getConnection()
#9 /Applications/MAMP/htdocs/floatthat/main-laravel/vendor/laravel/framework/src/Illuminate/Database/Eloquent/Model.php(1813): Illuminate\Database\Eloquent\Model->newBaseQueryBuilder()
#10 /Applications/MAMP/htdocs/floatthat/main-laravel/vendor/laravel/framework/src/Illuminate/Database/Eloquent/Model.php(1787): Illuminate\Database\Eloquent\Model->newQueryWithoutScopes()
#11 /Applications/MAMP/htdocs/floatthat/main-laravel/vendor/laravel/framework/src/Illuminate/Database/Eloquent/Model.php(3442): Illuminate\Database\Eloquent\Model->newQuery()
#12 [internal function]: Illuminate\Database\Eloquent\Model->__call('open', Array)
#13 /Applications/MAMP/htdocs/floatthat/main-laravel/vendor/laravel/framework/src/Illuminate/Database/Eloquent/Model.php(3458): call_user_func_array(Array, Array)
#14 /Applications/MAMP/htdocs/floatthat/main-laravel/app/Repositories/DealRepository.php(24): Illuminate\Database\Eloquent\Model::__callStatic('open', Array)
#15 /Applications/MAMP/htdocs/floatthat/main-laravel/app/Http/Controllers/WelcomeController.php(35): App\Repositories\DealRepository->getFeatured()
#16 [internal function]: App\Http\Controllers\WelcomeController->index()
#17 /Applications/MAMP/htdocs/floatthat/main-laravel/vendor/laravel/framework/src/Illuminate/Routing/Controller.php(256): call_user_func_array(Array, Array)
#18 /Applications/MAMP/htdocs/floatthat/main-laravel/vendor/laravel/framework/src/Illuminate/Routing/ControllerDispatcher.php(164): Illuminate\Routing\Controller->callAction('index', Array)
#19 /Applications/MAMP/htdocs/floatthat/main-laravel/vendor/laravel/framework/src/Illuminate/Routing/ControllerDispatcher.php(112): Illuminate\Routing\ControllerDispatcher->call(Object(App\Http\Controllers\WelcomeController), Object(Illuminate\Routing\Route), 'index')
#20 [internal function]: Illuminate\Routing\ControllerDispatcher->Illuminate\Routing\{closure}(Object(Illuminate\Http\Request))
#21 /Applications/MAMP/htdocs/floatthat/main-laravel/vendor/laravel/framework/src/Illuminate/Pipeline/Pipeline.php(139): call_user_func(Object(Closure), Object(Illuminate\Http\Request))
#22 /Applications/MAMP/htdocs/floatthat/main-laravel/app/Http/Middleware/RedirectIfAuthenticated.php(41): Illuminate\Pipeline\Pipeline->Illuminate\Pipeline\{closure}(Object(Illuminate\Http\Request))
#23 [internal function]: App\Http\Middleware\RedirectIfAuthenticated->handle(Object(Illuminate\Http\Request), Object(Closure))
#24 /Applications/MAMP/htdocs/floatthat/main-laravel/vendor/laravel/framework/src/Illuminate/Pipeline/Pipeline.php(124): call_user_func_array(Array, Array)
#25 [internal function]: Illuminate\Pipeline\Pipeline->Illuminate\Pipeline\{closure}(Object(Illuminate\Http\Request))
#26 /Applications/MAMP/htdocs/floatthat/main-laravel/vendor/laravel/framework/src/Illuminate/Pipeline/Pipeline.php(102): call_user_func(Object(Closure), Object(Illuminate\Http\Request))
#27 /Applications/MAMP/htdocs/floatthat/main-laravel/vendor/laravel/framework/src/Illuminate/Routing/ControllerDispatcher.php(114): Illuminate\Pipeline\Pipeline->then(Object(Closure))
#28 /Applications/MAMP/htdocs/floatthat/main-laravel/vendor/laravel/framework/src/Illuminate/Routing/ControllerDispatcher.php(67): Illuminate\Routing\ControllerDispatcher->callWithinStack(Object(App\Http\Controllers\WelcomeController), Object(Illuminate\Routing\Route), Object(Illuminate\Http\Request), 'index')
#29 /Applications/MAMP/htdocs/floatthat/main-laravel/vendor/laravel/framework/src/Illuminate/Routing/Route.php(203): Illuminate\Routing\ControllerDispatcher->dispatch(Object(Illuminate\Routing\Route), Object(Illuminate\Http\Request), 'App\\Http\\Contro...', 'index')
#30 /Applications/MAMP/htdocs/floatthat/main-laravel/vendor/laravel/framework/src/Illuminate/Routing/Route.php(134): Illuminate\Routing\Route->runWithCustomDispatcher(Object(Illuminate\Http\Request))
#31 /Applications/MAMP/htdocs/floatthat/main-laravel/vendor/laravel/framework/src/Illuminate/Routing/Router.php(708): Illuminate\Routing\Route->run(Object(Illuminate\Http\Request))
#32 [internal function]: Illuminate\Routing\Router->Illuminate\Routing\{closure}(Object(Illuminate\Http\Request))
#33 /Applications/MAMP/htdocs/floatthat/main-laravel/vendor/laravel/framework/src/Illuminate/Pipeline/Pipeline.php(139): call_user_func(Object(Closure), Object(Illuminate\Http\Request))
#34 [internal function]: Illuminate\Pipeline\Pipeline->Illuminate\Pipeline\{closure}(Object(Illuminate\Http\Request))
#35 /Applications/MAMP/htdocs/floatthat/main-laravel/vendor/laravel/framework/src/Illuminate/Pipeline/Pipeline.php(102): call_user_func(Object(Closure), Object(Illuminate\Http\Request))
#36 /Applications/MAMP/htdocs/floatthat/main-laravel/vendor/laravel/framework/src/Illuminate/Routing/Router.php(710): Illuminate\Pipeline\Pipeline->then(Object(Closure))
#37 /Applications/MAMP/htdocs/floatthat/main-laravel/vendor/laravel/framework/src/Illuminate/Routing/Router.php(673): Illuminate\Routing\Router->runRouteWithinStack(Object(Illuminate\Routing\Route), Object(Illuminate\Http\Request))
#38 /Applications/MAMP/htdocs/floatthat/main-laravel/vendor/laravel/framework/src/Illuminate/Routing/Router.php(635): Illuminate\Routing\Router->dispatchToRoute(Object(Illuminate\Http\Request))
#39 /Applications/MAMP/htdocs/floatthat/main-laravel/vendor/laravel/framework/src/Illuminate/Foundation/Http/Kernel.php(236): Illuminate\Routing\Router->dispatch(Object(Illuminate\Http\Request))
#40 [internal function]: Illuminate\Foundation\Http\Kernel->Illuminate\Foundation\Http\{closure}(Object(Illuminate\Http\Request))
#41 /Applications/MAMP/htdocs/floatthat/main-laravel/vendor/laravel/framework/src/Illuminate/Pipeline/Pipeline.php(139): call_user_func(Object(Closure), Object(Illuminate\Http\Request))
#42 /Applications/MAMP/htdocs/floatthat/main-laravel/app/Http/Middleware/VerifyCsrfToken.php(21): Illuminate\Pipeline\Pipeline->Illuminate\Pipeline\{closure}(Object(Illuminate\Http\Request))
#43 [internal function]: App\Http\Middleware\VerifyCsrfToken->handle(Object(Illuminate\Http\Request), Object(Closure))
#44 /Applications/MAMP/htdocs/floatthat/main-laravel/vendor/laravel/framework/src/Illuminate/Pipeline/Pipeline.php(124): call_user_func_array(Array, Array)
#45 /Applications/MAMP/htdocs/floatthat/main-laravel/vendor/laravel/framework/src/Illuminate/View/Middleware/ShareErrorsFromSession.php(49): Illuminate\Pipeline\Pipeline->Illuminate\Pipeline\{closure}(Object(Illuminate\Http\Request))
#46 [internal function]: Illuminate\View\Middleware\ShareErrorsFromSession->handle(Object(Illuminate\Http\Request), Object(Closure))
#47 /Applications/MAMP/htdocs/floatthat/main-laravel/vendor/laravel/framework/src/Illuminate/Pipeline/Pipeline.php(124): call_user_func_array(Array, Array)
#48 /Applications/MAMP/htdocs/floatthat/main-laravel/vendor/laravel/framework/src/Illuminate/Session/Middleware/StartSession.php(62): Illuminate\Pipeline\Pipeline->Illuminate\Pipeline\{closure}(Object(Illuminate\Http\Request))
#49 [internal function]: Illuminate\Session\Middleware\StartSession->handle(Object(Illuminate\Http\Request), Object(Closure))
#50 /Applications/MAMP/htdocs/floatthat/main-laravel/vendor/laravel/framework/src/Illuminate/Pipeline/Pipeline.php(124): call_user_func_array(Array, Array)
#51 /Applications/MAMP/htdocs/floatthat/main-laravel/vendor/laravel/framework/src/Illuminate/Cookie/Middleware/AddQueuedCookiesToResponse.php(37): Illuminate\Pipeline\Pipeline->Illuminate\Pipeline\{closure}(Object(Illuminate\Http\Request))
#52 [internal function]: Illuminate\Cookie\Middleware\AddQueuedCookiesToResponse->handle(Object(Illuminate\Http\Request), Object(Closure))
#53 /Applications/MAMP/htdocs/floatthat/main-laravel/vendor/laravel/framework/src/Illuminate/Pipeline/Pipeline.php(124): call_user_func_array(Array, Array)
#54 /Applications/MAMP/htdocs/floatthat/main-laravel/vendor/laravel/framework/src/Illuminate/Cookie/Middleware/EncryptCookies.php(59): Illuminate\Pipeline\Pipeline->Illuminate\Pipeline\{closure}(Object(Illuminate\Http\Request))
#55 [internal function]: Illuminate\Cookie\Middleware\EncryptCookies->handle(Object(Illuminate\Http\Request), Object(Closure))
#56 /Applications/MAMP/htdocs/floatthat/main-laravel/vendor/laravel/framework/src/Illuminate/Pipeline/Pipeline.php(124): call_user_func_array(Array, Array)
#57 /Applications/MAMP/htdocs/floatthat/main-laravel/vendor/laravel/framework/src/Illuminate/Foundation/Http/Middleware/CheckForMaintenanceMode.php(44): Illuminate\Pipeline\Pipeline->Illuminate\Pipeline\{closure}(Object(Illuminate\Http\Request))
#58 [internal function]: Illuminate\Foundation\Http\Middleware\CheckForMaintenanceMode->handle(Object(Illuminate\Http\Request), Object(Closure))
#59 /Applications/MAMP/htdocs/floatthat/main-laravel/vendor/laravel/framework/src/Illuminate/Pipeline/Pipeline.php(124): call_user_func_array(Array, Array)
#60 [internal function]: Illuminate\Pipeline\Pipeline->Illuminate\Pipeline\{closure}(Object(Illuminate\Http\Request))
#61 /Applications/MAMP/htdocs/floatthat/main-laravel/vendor/laravel/framework/src/Illuminate/Pipeline/Pipeline.php(102): call_user_func(Object(Closure), Object(Illuminate\Http\Request))
#62 /Applications/MAMP/htdocs/floatthat/main-laravel/vendor/laravel/framework/src/Illuminate/Foundation/Http/Kernel.php(122): Illuminate\Pipeline\Pipeline->then(Object(Closure))
#63 /Applications/MAMP/htdocs/floatthat/main-laravel/vendor/laravel/framework/src/Illuminate/Foundation/Http/Kernel.php(87): Illuminate\Foundation\Http\Kernel->sendRequestThroughRouter(Object(Illuminate\Http\Request))
#64 /Applications/MAMP/htdocs/floatthat/main-laravel/public/index.php(52): Illuminate\Foundation\Http\Kernel->handle(Object(Illuminate\Http\Request))
#65 {main}  
[2016-10-14 02:23:29] local.ERROR: PDOException: SQLSTATE[HY000] [1045] Access denied for user 'root'@'localhost' (using password: NO) in /Applications/MAMP/htdocs/floatthat/main-laravel/vendor/laravel/framework/src/Illuminate/Database/Connectors/Connector.php:55
Stack trace:
#0 /Applications/MAMP/htdocs/floatthat/main-laravel/vendor/laravel/framework/src/Illuminate/Database/Connectors/Connector.php(55): PDO->__construct('mysql:host=loca...', 'root', '', Array)
#1 /Applications/MAMP/htdocs/floatthat/main-laravel/vendor/laravel/framework/src/Illuminate/Database/Connectors/MySqlConnector.php(22): Illuminate\Database\Connectors\Connector->createConnection('mysql:host=loca...', Array, Array)
#2 /Applications/MAMP/htdocs/floatthat/main-laravel/vendor/laravel/framework/src/Illuminate/Database/Connectors/ConnectionFactory.php(60): Illuminate\Database\Connectors\MySqlConnector->connect(Array)
#3 /Applications/MAMP/htdocs/floatthat/main-laravel/vendor/laravel/framework/src/Illuminate/Database/Connectors/ConnectionFactory.php(49): Illuminate\Database\Connectors\ConnectionFactory->createSingleConnection(Array)
#4 /Applications/MAMP/htdocs/floatthat/main-laravel/vendor/laravel/framework/src/Illuminate/Database/DatabaseManager.php(175): Illuminate\Database\Connectors\ConnectionFactory->make(Array, 'mysql')
#5 /Applications/MAMP/htdocs/floatthat/main-laravel/vendor/laravel/framework/src/Illuminate/Database/DatabaseManager.php(67): Illuminate\Database\DatabaseManager->makeConnection('mysql')
#6 /Applications/MAMP/htdocs/floatthat/main-laravel/vendor/laravel/framework/src/Illuminate/Database/Eloquent/Model.php(3224): Illuminate\Database\DatabaseManager->connection('mysql')
#7 /Applications/MAMP/htdocs/floatthat/main-laravel/vendor/laravel/framework/src/Illuminate/Database/Eloquent/Model.php(3190): Illuminate\Database\Eloquent\Model::resolveConnection(NULL)
#8 /Applications/MAMP/htdocs/floatthat/main-laravel/vendor/laravel/framework/src/Illuminate/Database/Eloquent/Model.php(1870): Illuminate\Database\Eloquent\Model->getConnection()
#9 /Applications/MAMP/htdocs/floatthat/main-laravel/vendor/laravel/framework/src/Illuminate/Database/Eloquent/Model.php(1813): Illuminate\Database\Eloquent\Model->newBaseQueryBuilder()
#10 /Applications/MAMP/htdocs/floatthat/main-laravel/vendor/laravel/framework/src/Illuminate/Database/Eloquent/Model.php(1787): Illuminate\Database\Eloquent\Model->newQueryWithoutScopes()
#11 /Applications/MAMP/htdocs/floatthat/main-laravel/vendor/laravel/framework/src/Illuminate/Database/Eloquent/Model.php(3442): Illuminate\Database\Eloquent\Model->newQuery()
#12 [internal function]: Illuminate\Database\Eloquent\Model->__call('open', Array)
#13 /Applications/MAMP/htdocs/floatthat/main-laravel/vendor/laravel/framework/src/Illuminate/Database/Eloquent/Model.php(3458): call_user_func_array(Array, Array)
#14 /Applications/MAMP/htdocs/floatthat/main-laravel/app/Repositories/DealRepository.php(24): Illuminate\Database\Eloquent\Model::__callStatic('open', Array)
#15 /Applications/MAMP/htdocs/floatthat/main-laravel/app/Http/Controllers/WelcomeController.php(35): App\Repositories\DealRepository->getFeatured()
#16 [internal function]: App\Http\Controllers\WelcomeController->index()
#17 /Applications/MAMP/htdocs/floatthat/main-laravel/vendor/laravel/framework/src/Illuminate/Routing/Controller.php(256): call_user_func_array(Array, Array)
#18 /Applications/MAMP/htdocs/floatthat/main-laravel/vendor/laravel/framework/src/Illuminate/Routing/ControllerDispatcher.php(164): Illuminate\Routing\Controller->callAction('index', Array)
#19 /Applications/MAMP/htdocs/floatthat/main-laravel/vendor/laravel/framework/src/Illuminate/Routing/ControllerDispatcher.php(112): Illuminate\Routing\ControllerDispatcher->call(Object(App\Http\Controllers\WelcomeController), Object(Illuminate\Routing\Route), 'index')
#20 [internal function]: Illuminate\Routing\ControllerDispatcher->Illuminate\Routing\{closure}(Object(Illuminate\Http\Request))
#21 /Applications/MAMP/htdocs/floatthat/main-laravel/vendor/laravel/framework/src/Illuminate/Pipeline/Pipeline.php(139): call_user_func(Object(Closure), Object(Illuminate\Http\Request))
#22 /Applications/MAMP/htdocs/floatthat/main-laravel/app/Http/Middleware/RedirectIfAuthenticated.php(41): Illuminate\Pipeline\Pipeline->Illuminate\Pipeline\{closure}(Object(Illuminate\Http\Request))
#23 [internal function]: App\Http\Middleware\RedirectIfAuthenticated->handle(Object(Illuminate\Http\Request), Object(Closure))
#24 /Applications/MAMP/htdocs/floatthat/main-laravel/vendor/laravel/framework/src/Illuminate/Pipeline/Pipeline.php(124): call_user_func_array(Array, Array)
#25 [internal function]: Illuminate\Pipeline\Pipeline->Illuminate\Pipeline\{closure}(Object(Illuminate\Http\Request))
#26 /Applications/MAMP/htdocs/floatthat/main-laravel/vendor/laravel/framework/src/Illuminate/Pipeline/Pipeline.php(102): call_user_func(Object(Closure), Object(Illuminate\Http\Request))
#27 /Applications/MAMP/htdocs/floatthat/main-laravel/vendor/laravel/framework/src/Illuminate/Routing/ControllerDispatcher.php(114): Illuminate\Pipeline\Pipeline->then(Object(Closure))
#28 /Applications/MAMP/htdocs/floatthat/main-laravel/vendor/laravel/framework/src/Illuminate/Routing/ControllerDispatcher.php(67): Illuminate\Routing\ControllerDispatcher->callWithinStack(Object(App\Http\Controllers\WelcomeController), Object(Illuminate\Routing\Route), Object(Illuminate\Http\Request), 'index')
#29 /Applications/MAMP/htdocs/floatthat/main-laravel/vendor/laravel/framework/src/Illuminate/Routing/Route.php(203): Illuminate\Routing\ControllerDispatcher->dispatch(Object(Illuminate\Routing\Route), Object(Illuminate\Http\Request), 'App\\Http\\Contro...', 'index')
#30 /Applications/MAMP/htdocs/floatthat/main-laravel/vendor/laravel/framework/src/Illuminate/Routing/Route.php(134): Illuminate\Routing\Route->runWithCustomDispatcher(Object(Illuminate\Http\Request))
#31 /Applications/MAMP/htdocs/floatthat/main-laravel/vendor/laravel/framework/src/Illuminate/Routing/Router.php(708): Illuminate\Routing\Route->run(Object(Illuminate\Http\Request))
#32 [internal function]: Illuminate\Routing\Router->Illuminate\Routing\{closure}(Object(Illuminate\Http\Request))
#33 /Applications/MAMP/htdocs/floatthat/main-laravel/vendor/laravel/framework/src/Illuminate/Pipeline/Pipeline.php(139): call_user_func(Object(Closure), Object(Illuminate\Http\Request))
#34 [internal function]: Illuminate\Pipeline\Pipeline->Illuminate\Pipeline\{closure}(Object(Illuminate\Http\Request))
#35 /Applications/MAMP/htdocs/floatthat/main-laravel/vendor/laravel/framework/src/Illuminate/Pipeline/Pipeline.php(102): call_user_func(Object(Closure), Object(Illuminate\Http\Request))
#36 /Applications/MAMP/htdocs/floatthat/main-laravel/vendor/laravel/framework/src/Illuminate/Routing/Router.php(710): Illuminate\Pipeline\Pipeline->then(Object(Closure))
#37 /Applications/MAMP/htdocs/floatthat/main-laravel/vendor/laravel/framework/src/Illuminate/Routing/Router.php(673): Illuminate\Routing\Router->runRouteWithinStack(Object(Illuminate\Routing\Route), Object(Illuminate\Http\Request))
#38 /Applications/MAMP/htdocs/floatthat/main-laravel/vendor/laravel/framework/src/Illuminate/Routing/Router.php(635): Illuminate\Routing\Router->dispatchToRoute(Object(Illuminate\Http\Request))
#39 /Applications/MAMP/htdocs/floatthat/main-laravel/vendor/laravel/framework/src/Illuminate/Foundation/Http/Kernel.php(236): Illuminate\Routing\Router->dispatch(Object(Illuminate\Http\Request))
#40 [internal function]: Illuminate\Foundation\Http\Kernel->Illuminate\Foundation\Http\{closure}(Object(Illuminate\Http\Request))
#41 /Applications/MAMP/htdocs/floatthat/main-laravel/vendor/laravel/framework/src/Illuminate/Pipeline/Pipeline.php(139): call_user_func(Object(Closure), Object(Illuminate\Http\Request))
#42 /Applications/MAMP/htdocs/floatthat/main-laravel/app/Http/Middleware/VerifyCsrfToken.php(21): Illuminate\Pipeline\Pipeline->Illuminate\Pipeline\{closure}(Object(Illuminate\Http\Request))
#43 [internal function]: App\Http\Middleware\VerifyCsrfToken->handle(Object(Illuminate\Http\Request), Object(Closure))
#44 /Applications/MAMP/htdocs/floatthat/main-laravel/vendor/laravel/framework/src/Illuminate/Pipeline/Pipeline.php(124): call_user_func_array(Array, Array)
#45 /Applications/MAMP/htdocs/floatthat/main-laravel/vendor/laravel/framework/src/Illuminate/View/Middleware/ShareErrorsFromSession.php(49): Illuminate\Pipeline\Pipeline->Illuminate\Pipeline\{closure}(Object(Illuminate\Http\Request))
#46 [internal function]: Illuminate\View\Middleware\ShareErrorsFromSession->handle(Object(Illuminate\Http\Request), Object(Closure))
#47 /Applications/MAMP/htdocs/floatthat/main-laravel/vendor/laravel/framework/src/Illuminate/Pipeline/Pipeline.php(124): call_user_func_array(Array, Array)
#48 /Applications/MAMP/htdocs/floatthat/main-laravel/vendor/laravel/framework/src/Illuminate/Session/Middleware/StartSession.php(62): Illuminate\Pipeline\Pipeline->Illuminate\Pipeline\{closure}(Object(Illuminate\Http\Request))
#49 [internal function]: Illuminate\Session\Middleware\StartSession->handle(Object(Illuminate\Http\Request), Object(Closure))
#50 /Applications/MAMP/htdocs/floatthat/main-laravel/vendor/laravel/framework/src/Illuminate/Pipeline/Pipeline.php(124): call_user_func_array(Array, Array)
#51 /Applications/MAMP/htdocs/floatthat/main-laravel/vendor/laravel/framework/src/Illuminate/Cookie/Middleware/AddQueuedCookiesToResponse.php(37): Illuminate\Pipeline\Pipeline->Illuminate\Pipeline\{closure}(Object(Illuminate\Http\Request))
#52 [internal function]: Illuminate\Cookie\Middleware\AddQueuedCookiesToResponse->handle(Object(Illuminate\Http\Request), Object(Closure))
#53 /Applications/MAMP/htdocs/floatthat/main-laravel/vendor/laravel/framework/src/Illuminate/Pipeline/Pipeline.php(124): call_user_func_array(Array, Array)
#54 /Applications/MAMP/htdocs/floatthat/main-laravel/vendor/laravel/framework/src/Illuminate/Cookie/Middleware/EncryptCookies.php(59): Illuminate\Pipeline\Pipeline->Illuminate\Pipeline\{closure}(Object(Illuminate\Http\Request))
#55 [internal function]: Illuminate\Cookie\Middleware\EncryptCookies->handle(Object(Illuminate\Http\Request), Object(Closure))
#56 /Applications/MAMP/htdocs/floatthat/main-laravel/vendor/laravel/framework/src/Illuminate/Pipeline/Pipeline.php(124): call_user_func_array(Array, Array)
#57 /Applications/MAMP/htdocs/floatthat/main-laravel/vendor/laravel/framework/src/Illuminate/Foundation/Http/Middleware/CheckForMaintenanceMode.php(44): Illuminate\Pipeline\Pipeline->Illuminate\Pipeline\{closure}(Object(Illuminate\Http\Request))
#58 [internal function]: Illuminate\Foundation\Http\Middleware\CheckForMaintenanceMode->handle(Object(Illuminate\Http\Request), Object(Closure))
#59 /Applications/MAMP/htdocs/floatthat/main-laravel/vendor/laravel/framework/src/Illuminate/Pipeline/Pipeline.php(124): call_user_func_array(Array, Array)
#60 [internal function]: Illuminate\Pipeline\Pipeline->Illuminate\Pipeline\{closure}(Object(Illuminate\Http\Request))
#61 /Applications/MAMP/htdocs/floatthat/main-laravel/vendor/laravel/framework/src/Illuminate/Pipeline/Pipeline.php(102): call_user_func(Object(Closure), Object(Illuminate\Http\Request))
#62 /Applications/MAMP/htdocs/floatthat/main-laravel/vendor/laravel/framework/src/Illuminate/Foundation/Http/Kernel.php(122): Illuminate\Pipeline\Pipeline->then(Object(Closure))
#63 /Applications/MAMP/htdocs/floatthat/main-laravel/vendor/laravel/framework/src/Illuminate/Foundation/Http/Kernel.php(87): Illuminate\Foundation\Http\Kernel->sendRequestThroughRouter(Object(Illuminate\Http\Request))
#64 /Applications/MAMP/htdocs/floatthat/main-laravel/public/index.php(52): Illuminate\Foundation\Http\Kernel->handle(Object(Illuminate\Http\Request))
#65 {main}  
